#
# There is insufficient memory for the Java Runtime Environment to continue.
# Native memory allocation (malloc) failed to allocate 1742576 bytes for Chunk::new
# Possible reasons:
#   The system is out of physical RAM or swap space
#   In 32 bit mode, the process size limit was hit
# Possible solutions:
#   Reduce memory load on the system
#   Increase physical memory or swap space
#   Check if swap backing store is full
#   Use 64 bit Java on a 64 bit OS
#   Decrease Java heap size (-Xmx/-Xms)
#   Decrease number of Java threads
#   Decrease Java thread stack sizes (-Xss)
#   Set larger code cache with -XX:ReservedCodeCacheSize=
# This output file may be truncated or incomplete.
#
#  Out of Memory Error (allocation.cpp:390), pid=85356, tid=0x0000000000010c44
#
# JRE version: OpenJDK Runtime Environment (8.0_152-b01) (build 1.8.0_152-release-1343-b01)
# Java VM: OpenJDK 64-Bit Server VM (25.152-b01 mixed mode windows-amd64 compressed oops)
# Failed to write core dump. Minidumps are not enabled by default on client versions of Windows
#

---------------  T H R E A D  ---------------

Current thread (0x0000000016e86800):  JavaThread "C2 CompilerThread0" daemon [_thread_in_native, id=68676, stack(0x0000000017650000,0x0000000017750000)]

Stack: [0x0000000017650000,0x0000000017750000]
[error occurred during error reporting (printing stack bounds), id 0xc0000005]

Native frames: (J=compiled Java code, j=interpreted, Vv=VM code, C=native code)


Current CompileTask:
C2:  74075 8593       4       sun.reflect.generics.parser.SignatureParser::parseFieldTypeSignature (73 bytes)


---------------  P R O C E S S  ---------------

Java Threads: ( => current thread )
  0x000000001ad10800 JavaThread "pool-1-thread-1" [_thread_in_native, id=80196, stack(0x000000001a3a0000,0x000000001a4a0000)]
  0x000000001ad0a800 JavaThread "Memory manager" [_thread_blocked, id=80096, stack(0x000000001f630000,0x000000001f730000)]
  0x0000000019098000 JavaThread "File lock request listener" [_thread_in_native, id=55792, stack(0x000000001a7a0000,0x000000001a8a0000)]
  0x000000001905f000 JavaThread "Cache worker for file hash cache (C:\Users\Motawea Alhaw\.gradle\caches\4.6\fileHashes)" [_thread_blocked, id=55392, stack(0x000000001a6a0000,0x000000001a7a0000)]
  0x0000000018f50800 JavaThread "Daemon worker" [_thread_in_native, id=53028, stack(0x000000001a1a0000,0x000000001a2a0000)]
  0x0000000018b9f000 JavaThread "Cancel handler" [_thread_blocked, id=59320, stack(0x000000001a0a0000,0x000000001a1a0000)]
  0x0000000018f8c800 JavaThread "Handler for socket connection from /127.0.0.1:51880 to /127.0.0.1:51881" [_thread_in_native, id=53876, stack(0x0000000019da0000,0x0000000019ea0000)]
  0x0000000018f8b000 JavaThread "Daemon" [_thread_blocked, id=66252, stack(0x0000000019ca0000,0x0000000019da0000)]
  0x0000000018a85800 JavaThread "Daemon periodic checks" [_thread_blocked, id=12152, stack(0x0000000019ba0000,0x0000000019ca0000)]
  0x0000000018a84000 JavaThread "Incoming local TCP Connector on port 51880" [_thread_in_native, id=52148, stack(0x0000000019960000,0x0000000019a60000)]
  0x0000000016f59000 JavaThread "Service Thread" daemon [_thread_blocked, id=36768, stack(0x0000000017a50000,0x0000000017b50000)]
  0x0000000016ee0800 JavaThread "C1 CompilerThread3" daemon [_thread_in_native, id=21724, stack(0x0000000017950000,0x0000000017a50000)]
  0x0000000016ed4000 JavaThread "C2 CompilerThread2" daemon [_thread_in_native, id=43692, stack(0x0000000017850000,0x0000000017950000)]
  0x0000000016e8a000 JavaThread "C2 CompilerThread1" daemon [_thread_in_native, id=82148, stack(0x0000000017750000,0x0000000017850000)]
=>0x0000000016e86800 JavaThread "C2 CompilerThread0" daemon [_thread_in_native, id=68676, stack(0x0000000017650000,0x0000000017750000)]
  0x0000000016e85000 JavaThread "Attach Listener" daemon [_thread_blocked, id=59644, stack(0x0000000017550000,0x0000000017650000)]
  0x0000000016ed1800 JavaThread "Signal Dispatcher" daemon [_thread_blocked, id=23428, stack(0x0000000017450000,0x0000000017550000)]
  0x000000000244e800 JavaThread "Finalizer" daemon [_thread_blocked, id=46168, stack(0x0000000017250000,0x0000000017350000)]
  0x0000000002445000 JavaThread "Reference Handler" daemon [_thread_blocked, id=85540, stack(0x0000000016d50000,0x0000000016e50000)]
  0x00000000001fe800 JavaThread "main" [_thread_in_Java, id=75992, stack(0x0000000002250000,0x0000000002350000)]

Other Threads:
  0x0000000014f68000 VMThread [stack: 0x0000000016c50000,0x0000000016d50000] [id=82812]
  0x0000000016f5a000 WatcherThread [stack: 0x0000000017b50000,0x0000000017c50000] [id=87836]

VM state:not at safepoint (normal execution)

VM Mutex/Monitor currently owned by a thread:  ([mutex/lock_event])
[0x00000000001fcd30] CodeCache_lock - owner thread: 0x0000000000000000

Heap:
 PSYoungGen      total 247296K, used 61458K [0x00000000eab00000, 0x00000000fb900000, 0x0000000100000000)
  eden space 221184K, 19% used [0x00000000eab00000,0x00000000ed59e150,0x00000000f8300000)
  from space 26112K, 68% used [0x00000000f9f80000,0x00000000fb0e66d0,0x00000000fb900000)
  to   space 27648K, 0% used [0x00000000f8300000,0x00000000f8300000,0x00000000f9e00000)
 ParOldGen       total 229888K, used 41890K [0x00000000c0000000, 0x00000000ce080000, 0x00000000eab00000)
  object space 229888K, 18% used [0x00000000c0000000,0x00000000c28e8960,0x00000000ce080000)
 Metaspace       used 64633K, capacity 66606K, committed 66728K, reserved 1107968K
  class space    used 8566K, capacity 9065K, committed 9136K, reserved 1048576K

Card table byte_map: [0x0000000011810000,0x0000000011a20000] byte_map_base: 0x0000000011210000

Marking Bits: (ParMarkBitMap*) 0x000000006b485aa0
 Begin Bits: [0x0000000012380000, 0x0000000013380000)
 End Bits:   [0x0000000013380000, 0x0000000014380000)

Polling page: 0x0000000002160000

CodeCache: size=245760Kb used=25479Kb max_used=25489Kb free=220281Kb
 bounds [0x0000000002450000, 0x0000000003d60000, 0x0000000011450000]
 total_blobs=8383 nmethods=7551 adapters=744
 compilation: enabled

Compilation events (10 events):
Event: 73.950 Thread 0x0000000016ee0800 8656  s!   3       org.gradle.internal.service.DefaultServiceRegistry$ManagedObjectServiceProvider::stop (54 bytes)
Event: 73.951 Thread 0x0000000016ee0800 nmethod 8656 0x0000000002960c90 code [0x0000000002960ec0, 0x0000000002961b38]
Event: 73.951 Thread 0x0000000016ee0800 8658       3       java.util.concurrent.ConcurrentLinkedQueue$Itr::advance (123 bytes)
Event: 73.952 Thread 0x0000000016ee0800 nmethod 8658 0x0000000003d4d990 code [0x0000000003d4db40, 0x0000000003d4e268]
Event: 73.952 Thread 0x0000000016ee0800 8659       3       java.util.concurrent.ConcurrentHashMap$ValueIterator::next (34 bytes)
Event: 73.952 Thread 0x0000000016ee0800 nmethod 8659 0x0000000002960690 code [0x0000000002960820, 0x0000000002960b38]
Event: 73.955 Thread 0x0000000016ee0800 8660  s!   3       org.gradle.internal.concurrent.CompositeStoppable::stop (115 bytes)
Event: 73.957 Thread 0x0000000016ee0800 nmethod 8660 0x0000000003d4e550 code [0x0000000003d4e880, 0x0000000003d50598]
Event: 73.978 Thread 0x0000000016ee0800 8661       3       java.util.concurrent.ConcurrentLinkedQueue$Itr::hasNext (13 bytes)
Event: 73.978 Thread 0x0000000016ee0800 nmethod 8661 0x0000000003d519d0 code [0x0000000003d51b20, 0x0000000003d51cd0]

GC Heap History (10 events):
Event: 14.210 GC heap before
{Heap before GC invocations=11 (full 2):
 PSYoungGen      total 152576K, used 152545K [0x00000000eab00000, 0x00000000f5400000, 0x0000000100000000)
  eden space 139264K, 100% used [0x00000000eab00000,0x00000000f3300000,0x00000000f3300000)
  from space 13312K, 99% used [0x00000000f4280000,0x00000000f4f78538,0x00000000f4f80000)
  to   space 15872K, 0% used [0x00000000f3300000,0x00000000f3300000,0x00000000f4280000)
 ParOldGen       total 171520K, used 20782K [0x00000000c0000000, 0x00000000ca780000, 0x00000000eab00000)
  object space 171520K, 12% used [0x00000000c0000000,0x00000000c144b8d8,0x00000000ca780000)
 Metaspace       used 56786K, capacity 58430K, committed 58536K, reserved 1099776K
  class space    used 7613K, capacity 8030K, committed 8112K, reserved 1048576K
Event: 14.228 GC heap after
Heap after GC invocations=11 (full 2):
 PSYoungGen      total 155136K, used 15840K [0x00000000eab00000, 0x00000000f7a80000, 0x0000000100000000)
  eden space 139264K, 0% used [0x00000000eab00000,0x00000000eab00000,0x00000000f3300000)
  from space 15872K, 99% used [0x00000000f3300000,0x00000000f4278090,0x00000000f4280000)
  to   space 19968K, 0% used [0x00000000f6700000,0x00000000f6700000,0x00000000f7a80000)
 ParOldGen       total 171520K, used 26634K [0x00000000c0000000, 0x00000000ca780000, 0x00000000eab00000)
  object space 171520K, 15% used [0x00000000c0000000,0x00000000c1a02a00,0x00000000ca780000)
 Metaspace       used 56786K, capacity 58430K, committed 58536K, reserved 1099776K
  class space    used 7613K, capacity 8030K, committed 8112K, reserved 1048576K
}
Event: 14.370 GC heap before
{Heap before GC invocations=12 (full 2):
 PSYoungGen      total 155136K, used 33563K [0x00000000eab00000, 0x00000000f7a80000, 0x0000000100000000)
  eden space 139264K, 12% used [0x00000000eab00000,0x00000000ebc4ee00,0x00000000f3300000)
  from space 15872K, 99% used [0x00000000f3300000,0x00000000f4278090,0x00000000f4280000)
  to   space 19968K, 0% used [0x00000000f6700000,0x00000000f6700000,0x00000000f7a80000)
 ParOldGen       total 171520K, used 26634K [0x00000000c0000000, 0x00000000ca780000, 0x00000000eab00000)
  object space 171520K, 15% used [0x00000000c0000000,0x00000000c1a02a00,0x00000000ca780000)
 Metaspace       used 57465K, capacity 59108K, committed 59160K, reserved 1099776K
  class space    used 7728K, capacity 8101K, committed 8112K, reserved 1048576K
Event: 14.382 GC heap after
Heap after GC invocations=12 (full 2):
 PSYoungGen      total 190976K, used 17280K [0x00000000eab00000, 0x00000000f9700000, 0x0000000100000000)
  eden space 171008K, 0% used [0x00000000eab00000,0x00000000eab00000,0x00000000f5200000)
  from space 19968K, 86% used [0x00000000f6700000,0x00000000f77e0090,0x00000000f7a80000)
  to   space 21504K, 0% used [0x00000000f5200000,0x00000000f5200000,0x00000000f6700000)
 ParOldGen       total 171520K, used 26642K [0x00000000c0000000, 0x00000000ca780000, 0x00000000eab00000)
  object space 171520K, 15% used [0x00000000c0000000,0x00000000c1a04a00,0x00000000ca780000)
 Metaspace       used 57465K, capacity 59108K, committed 59160K, reserved 1099776K
  class space    used 7728K, capacity 8101K, committed 8112K, reserved 1048576K
}
Event: 14.382 GC heap before
{Heap before GC invocations=13 (full 3):
 PSYoungGen      total 190976K, used 17280K [0x00000000eab00000, 0x00000000f9700000, 0x0000000100000000)
  eden space 171008K, 0% used [0x00000000eab00000,0x00000000eab00000,0x00000000f5200000)
  from space 19968K, 86% used [0x00000000f6700000,0x00000000f77e0090,0x00000000f7a80000)
  to   space 21504K, 0% used [0x00000000f5200000,0x00000000f5200000,0x00000000f6700000)
 ParOldGen       total 171520K, used 26642K [0x00000000c0000000, 0x00000000ca780000, 0x00000000eab00000)
  object space 171520K, 15% used [0x00000000c0000000,0x00000000c1a04a00,0x00000000ca780000)
 Metaspace       used 57465K, capacity 59108K, committed 59160K, reserved 1099776K
  class space    used 7728K, capacity 8101K, committed 8112K, reserved 1048576K
Event: 14.603 GC heap after
Heap after GC invocations=13 (full 3):
 PSYoungGen      total 190976K, used 0K [0x00000000eab00000, 0x00000000f9700000, 0x0000000100000000)
  eden space 171008K, 0% used [0x00000000eab00000,0x00000000eab00000,0x00000000f5200000)
  from space 19968K, 0% used [0x00000000f6700000,0x00000000f6700000,0x00000000f7a80000)
  to   space 21504K, 0% used [0x00000000f5200000,0x00000000f5200000,0x00000000f6700000)
 ParOldGen       total 229888K, used 31711K [0x00000000c0000000, 0x00000000ce080000, 0x00000000eab00000)
  object space 229888K, 13% used [0x00000000c0000000,0x00000000c1ef7c18,0x00000000ce080000)
 Metaspace       used 57465K, capacity 59108K, committed 59160K, reserved 1099776K
  class space    used 7728K, capacity 8101K, committed 8112K, reserved 1048576K
}
Event: 72.701 GC heap before
{Heap before GC invocations=14 (full 3):
 PSYoungGen      total 190976K, used 171008K [0x00000000eab00000, 0x00000000f9700000, 0x0000000100000000)
  eden space 171008K, 100% used [0x00000000eab00000,0x00000000f5200000,0x00000000f5200000)
  from space 19968K, 0% used [0x00000000f6700000,0x00000000f6700000,0x00000000f7a80000)
  to   space 21504K, 0% used [0x00000000f5200000,0x00000000f5200000,0x00000000f6700000)
 ParOldGen       total 229888K, used 31711K [0x00000000c0000000, 0x00000000ce080000, 0x00000000eab00000)
  object space 229888K, 13% used [0x00000000c0000000,0x00000000c1ef7c18,0x00000000ce080000)
 Metaspace       used 63183K, capacity 64978K, committed 65320K, reserved 1105920K
  class space    used 8449K, capacity 8883K, committed 9008K, reserved 1048576K
Event: 72.736 GC heap after
Heap after GC invocations=14 (full 3):
 PSYoungGen      total 192512K, used 21487K [0x00000000eab00000, 0x00000000fba80000, 0x0000000100000000)
  eden space 171008K, 0% used [0x00000000eab00000,0x00000000eab00000,0x00000000f5200000)
  from space 21504K, 99% used [0x00000000f5200000,0x00000000f66fbd80,0x00000000f6700000)
  to   space 27648K, 0% used [0x00000000f9f80000,0x00000000f9f80000,0x00000000fba80000)
 ParOldGen       total 229888K, used 41882K [0x00000000c0000000, 0x00000000ce080000, 0x00000000eab00000)
  object space 229888K, 18% used [0x00000000c0000000,0x00000000c28e6960,0x00000000ce080000)
 Metaspace       used 63183K, capacity 64978K, committed 65320K, reserved 1105920K
  class space    used 8449K, capacity 8883K, committed 9008K, reserved 1048576K
}
Event: 73.655 GC heap before
{Heap before GC invocations=15 (full 3):
 PSYoungGen      total 192512K, used 192495K [0x00000000eab00000, 0x00000000fba80000, 0x0000000100000000)
  eden space 171008K, 100% used [0x00000000eab00000,0x00000000f5200000,0x00000000f5200000)
  from space 21504K, 99% used [0x00000000f5200000,0x00000000f66fbd80,0x00000000f6700000)
  to   space 27648K, 0% used [0x00000000f9f80000,0x00000000f9f80000,0x00000000fba80000)
 ParOldGen       total 229888K, used 41882K [0x00000000c0000000, 0x00000000ce080000, 0x00000000eab00000)
  object space 229888K, 18% used [0x00000000c0000000,0x00000000c28e6960,0x00000000ce080000)
 Metaspace       used 63460K, capacity 65234K, committed 65576K, reserved 1105920K
  class space    used 8454K, capacity 8883K, committed 9008K, reserved 1048576K
Event: 73.669 GC heap after
Heap after GC invocations=15 (full 3):
 PSYoungGen      total 247296K, used 17817K [0x00000000eab00000, 0x00000000fb900000, 0x0000000100000000)
  eden space 221184K, 0% used [0x00000000eab00000,0x00000000eab00000,0x00000000f8300000)
  from space 26112K, 68% used [0x00000000f9f80000,0x00000000fb0e66d0,0x00000000fb900000)
  to   space 27648K, 0% used [0x00000000f8300000,0x00000000f8300000,0x00000000f9e00000)
 ParOldGen       total 229888K, used 41890K [0x00000000c0000000, 0x00000000ce080000, 0x00000000eab00000)
  object space 229888K, 18% used [0x00000000c0000000,0x00000000c28e8960,0x00000000ce080000)
 Metaspace       used 63460K, capacity 65234K, committed 65576K, reserved 1105920K
  class space    used 8454K, capacity 8883K, committed 9008K, reserved 1048576K
}

Deoptimization events (10 events):
Event: 73.793 Thread 0x0000000018f50800 Uncommon trap: reason=class_check action=maybe_recompile pc=0x0000000003a81c60 method=java.io.ObjectOutputStream$BlockDataOutputStream.write([BIIZ)V @ 23
Event: 73.793 Thread 0x0000000018f50800 Uncommon trap: reason=class_check action=maybe_recompile pc=0x0000000003a81c60 method=java.io.ObjectOutputStream$BlockDataOutputStream.write([BIIZ)V @ 23
Event: 73.793 Thread 0x0000000018f50800 Uncommon trap: reason=unstable_if action=reinterpret pc=0x0000000003aa6f24 method=java.lang.reflect.Proxy.isProxyClass(Ljava/lang/Class;)Z @ 16
Event: 73.795 Thread 0x0000000018f50800 Uncommon trap: reason=unstable_if action=reinterpret pc=0x0000000003239f78 method=java.lang.reflect.Proxy.isProxyClass(Ljava/lang/Class;)Z @ 6
Event: 73.795 Thread 0x0000000018f50800 Uncommon trap: reason=class_check action=maybe_recompile pc=0x0000000003a81fc4 method=java.io.ObjectOutputStream$BlockDataOutputStream.drain()V @ 36
Event: 73.796 Thread 0x0000000018f50800 Uncommon trap: reason=class_check action=maybe_recompile pc=0x0000000003a80224 method=java.io.ObjectOutputStream$BlockDataOutputStream.drain()V @ 36
Event: 73.798 Thread 0x0000000018f50800 Uncommon trap: reason=unstable_if action=reinterpret pc=0x0000000002881888 method=java.io.ObjectOutputStream$HandleTable.assign(Ljava/lang/Object;)I @ 24
Event: 73.974 Thread 0x000000001ac3c800 Uncommon trap: reason=class_check action=maybe_recompile pc=0x0000000002ee05e0 method=java.util.concurrent.locks.ReentrantLock.lock()V @ 4
Event: 73.978 Thread 0x000000001ac43000 Uncommon trap: reason=class_check action=maybe_recompile pc=0x0000000002ee05e0 method=java.util.concurrent.locks.ReentrantLock.lock()V @ 4
Event: 74.070 Thread 0x0000000018f50800 Uncommon trap: reason=unstable_if action=reinterpret pc=0x0000000003a439d8 method=org.gradle.internal.logging.slf4j.OutputEventListenerBackedLogger.isLevelAtMost(Lorg/gradle/api/logging/LogLevel;)Z @ 11

Classes redefined (0 events):
No events

Internal exceptions (10 events):
Event: 14.330 Thread 0x0000000018f50800 Exception <a 'java/lang/ClassNotFoundException': org/gradle/model/internal/core/ModelMapGroovyViewBeanInfo> (0x00000000eb697db0) thrown at [D:\src\AOSP-openjdk-cygwin\jdk8u\hotspot\src\share\vm\classfile\systemDictionary.cpp, line 210]
Event: 14.331 Thread 0x0000000018f50800 Exception <a 'java/lang/ClassNotFoundException': org/gradle/model/internal/core/ModelMapGroovyViewCustomizer> (0x00000000eb6ada08) thrown at [D:\src\AOSP-openjdk-cygwin\jdk8u\hotspot\src\share\vm\classfile\systemDictionary.cpp, line 210]
Event: 14.331 Thread 0x0000000018f50800 Exception <a 'java/lang/ClassNotFoundException': org/gradle/model/internal/core/NodeBackedModelMapCustomizer> (0x00000000eb6d6aa8) thrown at [D:\src\AOSP-openjdk-cygwin\jdk8u\hotspot\src\share\vm\classfile\systemDictionary.cpp, line 210]
Event: 14.333 Thread 0x0000000018f50800 Exception <a 'java/lang/ClassNotFoundException': org/gradle/platform/base/BinaryContainer_ImplCustomizer> (0x00000000eb73bfd0) thrown at [D:\src\AOSP-openjdk-cygwin\jdk8u\hotspot\src\share\vm\classfile\systemDictionary.cpp, line 210]
Event: 15.309 Thread 0x0000000018f50800 Implicit null exception at 0x0000000002c289c0 to 0x0000000002c2ab2d
Event: 24.088 Thread 0x0000000018f50800 Implicit null exception at 0x0000000003470b58 to 0x0000000003470c8d
Event: 54.617 Thread 0x0000000018f50800 Exception <a 'java/net/SocketTimeoutException': Read timed out> (0x00000000edf7db88) thrown at [D:\src\AOSP-openjdk-cygwin\jdk8u\hotspot\src\share\vm\prims\jni.cpp, line 735]
Event: 54.624 Thread 0x0000000018f50800 Exception <a 'java/lang/NoSuchMethodError': <clinit>> (0x00000000ee091ba0) thrown at [D:\src\AOSP-openjdk-cygwin\jdk8u\hotspot\src\share\vm\prims\jni.cpp, line 1613]
Event: 54.625 Thread 0x0000000018f50800 Exception <a 'java/lang/NoSuchMethodError': <clinit>> (0x00000000ee0b15b0) thrown at [D:\src\AOSP-openjdk-cygwin\jdk8u\hotspot\src\share\vm\prims\jni.cpp, line 1613]
Event: 72.007 Thread 0x0000000018f50800 Exception <a 'java/lang/NoSuchMethodError': java.lang.Object.lambda$negate$1(Ljava/lang/Object;)Z> (0x00000000f31e8848) thrown at [D:\src\AOSP-openjdk-cygwin\jdk8u\hotspot\src\share\vm\interpreter\linkResolver.cpp, line 584]

Events (10 events):
Event: 74.065 loading class com/google/wireless/android/sdk/stats/IntellijIndexingStatsOrBuilder
Event: 74.065 loading class com/google/wireless/android/sdk/stats/IntellijIndexingStatsOrBuilder done
Event: 74.067 loading class com/google/wireless/android/sdk/stats/AndroidStudioEvent$1
Event: 74.067 loading class com/google/wireless/android/sdk/stats/AndroidStudioEvent$1 done
Event: 74.068 loading class com/google/wireless/android/sdk/stats/AndroidStudioEvent$Builder
Event: 74.068 loading class com/google/wireless/android/sdk/stats/AndroidStudioEvent$Builder done
Event: 74.070 Thread 0x0000000018f50800 Uncommon trap: trap_request=0xffffff65 fr.pc=0x0000000003a439d8
Event: 74.070 Thread 0x0000000018f50800 DEOPT PACKING pc=0x0000000003a439d8 sp=0x000000001a29e3a0
Event: 74.070 Thread 0x0000000018f50800 DEOPT UNPACKING pc=0x000000000249557b sp=0x000000001a29e2d8 mode 2
Event: 74.073 Executing VM operation: RevokeBias


Dynamic libraries:
0x00007ff7f5870000 - 0x00007ff7f58a1000 	C:\Program Files\Android\Android Studio\jre\bin\java.exe
0x00007ff9d7220000 - 0x00007ff9d7410000 	C:\WINDOWS\SYSTEM32\ntdll.dll
0x00007ff9d6570000 - 0x00007ff9d6622000 	C:\WINDOWS\System32\KERNEL32.DLL
0x00007ff9d4e20000 - 0x00007ff9d50c2000 	C:\WINDOWS\System32\KERNELBASE.dll
0x000000006cdc0000 - 0x000000006ce55000 	C:\WINDOWS\System32\SYSFER.DLL
0x00007ff9d52e0000 - 0x00007ff9d5383000 	C:\WINDOWS\System32\ADVAPI32.dll
0x00007ff9d6cf0000 - 0x00007ff9d6d8e000 	C:\WINDOWS\System32\msvcrt.dll
0x00007ff9d6c50000 - 0x00007ff9d6ce7000 	C:\WINDOWS\System32\sechost.dll
0x00007ff9d5980000 - 0x00007ff9d5aa0000 	C:\WINDOWS\System32\RPCRT4.dll
0x00007ff9d5aa0000 - 0x00007ff9d5c33000 	C:\WINDOWS\System32\USER32.dll
0x00007ff9d5120000 - 0x00007ff9d5141000 	C:\WINDOWS\System32\win32u.dll
0x00007ff9d6540000 - 0x00007ff9d6566000 	C:\WINDOWS\System32\GDI32.dll
0x00007ff9d4a30000 - 0x00007ff9d4bc4000 	C:\WINDOWS\System32\gdi32full.dll
0x00007ff9d4990000 - 0x00007ff9d4a2e000 	C:\WINDOWS\System32\msvcp_win.dll
0x00007ff9d51e0000 - 0x00007ff9d52da000 	C:\WINDOWS\System32\ucrtbase.dll
0x00007ff9c29c0000 - 0x00007ff9c2c45000 	C:\WINDOWS\WinSxS\amd64_microsoft.windows.common-controls_6595b64144ccf1df_6.0.18362.53_none_a1435cd8519dc9c0\COMCTL32.dll
0x00007ff9d6d90000 - 0x00007ff9d70c6000 	C:\WINDOWS\System32\combase.dll
0x00007ff9d5150000 - 0x00007ff9d51d1000 	C:\WINDOWS\System32\bcryptPrimitives.dll
0x00007ff9d5950000 - 0x00007ff9d597e000 	C:\WINDOWS\System32\IMM32.DLL
0x000000006abe0000 - 0x000000006acb2000 	C:\Program Files\Android\Android Studio\jre\jre\bin\msvcr100.dll
0x000000006acc0000 - 0x000000006b501000 	C:\Program Files\Android\Android Studio\jre\jre\bin\server\jvm.dll
0x00007ff9d5870000 - 0x00007ff9d5878000 	C:\WINDOWS\System32\PSAPI.DLL
0x00007ff9d0d00000 - 0x00007ff9d0d09000 	C:\WINDOWS\SYSTEM32\WSOCK32.dll
0x00007ff9d58e0000 - 0x00007ff9d594f000 	C:\WINDOWS\System32\WS2_32.dll
0x00007ff9d0d40000 - 0x00007ff9d0d64000 	C:\WINDOWS\SYSTEM32\WINMM.dll
0x00007ff9cbec0000 - 0x00007ff9cbeca000 	C:\WINDOWS\SYSTEM32\VERSION.dll
0x00007ff9d0d10000 - 0x00007ff9d0d3d000 	C:\WINDOWS\SYSTEM32\WINMMBASE.dll
0x00007ff9d50d0000 - 0x00007ff9d511a000 	C:\WINDOWS\System32\cfgmgr32.dll
0x00007ff9d0cf0000 - 0x00007ff9d0cff000 	C:\Program Files\Android\Android Studio\jre\jre\bin\verify.dll
0x00007ff9d0cc0000 - 0x00007ff9d0ce9000 	C:\Program Files\Android\Android Studio\jre\jre\bin\java.dll
0x00007ff9cfba0000 - 0x00007ff9cfbb6000 	C:\Program Files\Android\Android Studio\jre\jre\bin\zip.dll
0x00007ff9d5db0000 - 0x00007ff9d6490000 	C:\WINDOWS\System32\SHELL32.dll
0x00007ff9d7130000 - 0x00007ff9d71d9000 	C:\WINDOWS\System32\shcore.dll
0x00007ff9d41b0000 - 0x00007ff9d492b000 	C:\WINDOWS\System32\windows.storage.dll
0x00007ff9d4170000 - 0x00007ff9d418f000 	C:\WINDOWS\System32\profapi.dll
0x00007ff9d4120000 - 0x00007ff9d416a000 	C:\WINDOWS\System32\powrprof.dll
0x00007ff9d40f0000 - 0x00007ff9d4100000 	C:\WINDOWS\System32\UMPDC.dll
0x00007ff9d5880000 - 0x00007ff9d58d2000 	C:\WINDOWS\System32\shlwapi.dll
0x00007ff9d4100000 - 0x00007ff9d4111000 	C:\WINDOWS\System32\kernel.appcore.dll
0x00007ff9d4d20000 - 0x00007ff9d4d37000 	C:\WINDOWS\System32\cryptsp.dll
0x00007ff9cfa80000 - 0x00007ff9cfa9a000 	C:\Program Files\Android\Android Studio\jre\jre\bin\net.dll
0x00007ff9d3960000 - 0x00007ff9d39c7000 	C:\WINDOWS\system32\mswsock.dll
0x00007ff9ceee0000 - 0x00007ff9ceef1000 	C:\Program Files\Android\Android Studio\jre\jre\bin\nio.dll
0x00007ff9cfb40000 - 0x00007ff9cfb5e000 	C:\Users\Motawea Alhaw\.gradle\native\25\windows-amd64\native-platform.dll
0x00007ff9cfb80000 - 0x00007ff9cfb8d000 	C:\Program Files\Android\Android Studio\jre\jre\bin\management.dll
0x00007ff9d3520000 - 0x00007ff9d3553000 	C:\WINDOWS\system32\rsaenh.dll
0x00007ff9d4d40000 - 0x00007ff9d4d66000 	C:\WINDOWS\System32\bcrypt.dll
0x00007ff9d4010000 - 0x00007ff9d4035000 	C:\WINDOWS\SYSTEM32\USERENV.dll
0x00007ff9d3b30000 - 0x00007ff9d3b3c000 	C:\WINDOWS\SYSTEM32\CRYPTBASE.dll
0x00007ff9d36c0000 - 0x00007ff9d36fa000 	C:\WINDOWS\SYSTEM32\IPHLPAPI.DLL
0x00007ff9d6490000 - 0x00007ff9d6498000 	C:\WINDOWS\System32\NSI.dll
0x00007ff9cbe50000 - 0x00007ff9cbe66000 	C:\WINDOWS\SYSTEM32\dhcpcsvc6.DLL
0x00007ff9cd960000 - 0x00007ff9cd97c000 	C:\WINDOWS\SYSTEM32\dhcpcsvc.DLL
0x00007ff9d3710000 - 0x00007ff9d37da000 	C:\WINDOWS\SYSTEM32\DNSAPI.dll
0x00007ff9c6e60000 - 0x00007ff9c6e84000 	C:\Program Files\Android\Android Studio\jre\jre\bin\sunec.dll
0x00007ff9c50e0000 - 0x00007ff9c50ea000 	C:\Windows\System32\rasadhlp.dll
0x00007ff9c9b60000 - 0x00007ff9c9bd7000 	C:\WINDOWS\System32\fwpuclnt.dll
0x00007ff9cef30000 - 0x00007ff9cef3b000 	C:\Program Files\Android\Android Studio\jre\jre\bin\sunmscapi.dll
0x00007ff9d4bd0000 - 0x00007ff9d4d19000 	C:\WINDOWS\System32\CRYPT32.dll
0x00007ff9d4190000 - 0x00007ff9d41a2000 	C:\WINDOWS\System32\MSASN1.dll

VM Arguments:
jvm_args: -Xmx1024m -Dfile.encoding=windows-1256 -Duser.country=SA -Duser.language=ar -Duser.variant 
java_command: org.gradle.launcher.daemon.bootstrap.GradleDaemon 4.6
java_class_path (initial): C:\Users\Motawea Alhaw\.gradle\wrapper\dists\gradle-4.6-all\bcst21l2brirad8k2ben1letg\gradle-4.6\lib\gradle-launcher-4.6.jar
Launcher Type: SUN_STANDARD

Environment Variables:
PATH=C:\Program Files (x86)\Intel\Intel(R) Management Engine Components\iCLS\;C:\Program Files\Intel\Intel(R) Management Engine Components\iCLS\;C:\Windows\system32;C:\Windows;C:\Windows\System32\Wbem;C:\Windows\System32\WindowsPowerShell\v1.0\;C:\Windows\System32\OpenSSH\;C:\Program Files (x86)\NVIDIA Corporation\PhysX\Common;C:\Program Files\NVIDIA Corporation\NVIDIA NvDLISR;C:\Program Files (x86)\Intel\Intel(R) Management Engine Components\DAL;C:\Program Files\Intel\Intel(R) Management Engine Components\DAL;C:\Program Files (x86)\Intel\Intel(R) Management Engine Components\IPT;C:\Program Files\Intel\Intel(R) Management Engine Components\IPT;%SystemRoot%\system32;%SystemRoot%;%SystemRoot%\System32\Wbem;%SYSTEMROOT%\System32\WindowsPowerShell\v1.0\;%SYSTEMROOT%\System32\OpenSSH\;C:\Users\Motawea Alhaw\AppData\Local\Microsoft\WindowsApps;
USERNAME=Motawea Alhaw
OS=Windows_NT
PROCESSOR_IDENTIFIER=Intel64 Family 6 Model 158 Stepping 9, GenuineIntel



---------------  S Y S T E M  ---------------

OS: Windows 10.0 , 64 bit Build 18362 (10.0.18362.53)

CPU:total 8 (initial active 8) (4 cores per cpu, 2 threads per core) family 6 model 158 stepping 9, cmov, cx8, fxsr, mmx, sse, sse2, sse3, ssse3, sse4.1, sse4.2, popcnt, avx, avx2, aes, clmul, erms, 3dnowpref, lzcnt, ht, tsc, tscinvbit, bmi1, bmi2, adx

Memory: 4k page, physical 16656156k(409768k free), swap 47756416k(3116k free)

vm_info: OpenJDK 64-Bit Server VM (25.152-b01) for windows-amd64 JRE (1.8.0_152-release-1343-b01), built by "builder" with MS VC++ 10.0 (VS2010)

time: Tue Apr 23 17:19:47 2019
elapsed time: 74 seconds (0d 0h 1m 14s)

